(0000) 3000  0011000000000000 (   1)                 .ORIG x3000
(3000) 5020  0101000000100000 (   3) LOOP1           AND   R0 R0 #0
(3001) 5260  0101001001100000 (   4)                 AND   R1 R1 #0
(3002) 54A0  0101010010100000 (   5)                 AND   R2 R2 #0
(3003) 56E0  0101011011100000 (   6)                 AND   R3 R3 #0
(3004) 5920  0101100100100000 (   7)                 AND   R4 R4 #0
(3005) 5B60  0101101101100000 (   8)                 AND   R5 R5 #0
(3006) 5DA0  0101110110100000 (   9)                 AND   R6 R6 #0
(3007) 5FE0  0101111111100000 (  10)                 AND   R7 R7 #0
(3008) 49BC  0100100110111100 (  11)                 JSR   GETDATOS
(3009) E00B  1110000000001011 (  12)                 LEA   R0 MENU1
(300A) F022  1111000000100010 (  13)                 TRAP  x22
(300B) E049  1110000001001001 (  14)                 LEA   R0 MENU2
(300C) F022  1111000000100010 (  15)                 TRAP  x22
(300D) E064  1110000001100100 (  16)                 LEA   R0 MENU3
(300E) F022  1111000000100010 (  17)                 TRAP  x22
(300F) E082  1110000010000010 (  18)                 LEA   R0 MENU4
(3010) F022  1111000000100010 (  19)                 TRAP  x22
(3011) 49A2  0100100110100010 (  20)                 JSR   GETL
(3012) 193E  0001100100111110 (  21)                 ADD   R4 R4 #-2
(3013) 0CAC  0000110010101100 (  22)                 BRNZ  ORDENAR
(3014) 02D2  0000001011010010 (  23)                 BRP   MULTIPL
(3015) 0049  0000000001001001 (  25) MENU1           .FILL x0049
(3016) 006E  0000000001101110 (  25)                 .FILL x006E
(3017) 0067  0000000001100111 (  25)                 .FILL x0067
(3018) 0072  0000000001110010 (  25)                 .FILL x0072
(3019) 0065  0000000001100101 (  25)                 .FILL x0065
(301A) 0073  0000000001110011 (  25)                 .FILL x0073
(301B) 0065  0000000001100101 (  25)                 .FILL x0065
(301C) 0020  0000000000100000 (  25)                 .FILL x0020
(301D) 006C  0000000001101100 (  25)                 .FILL x006C
(301E) 0061  0000000001100001 (  25)                 .FILL x0061
(301F) 0020  0000000000100000 (  25)                 .FILL x0020
(3020) 0066  0000000001100110 (  25)                 .FILL x0066
(3021) 0075  0000000001110101 (  25)                 .FILL x0075
(3022) 006E  0000000001101110 (  25)                 .FILL x006E
(3023) 0063  0000000001100011 (  25)                 .FILL x0063
(3024) 0069  0000000001101001 (  25)                 .FILL x0069
(3025) 006F  0000000001101111 (  25)                 .FILL x006F
(3026) 006E  0000000001101110 (  25)                 .FILL x006E
(3027) 0061  0000000001100001 (  25)                 .FILL x0061
(3028) 006C  0000000001101100 (  25)                 .FILL x006C
(3029) 0069  0000000001101001 (  25)                 .FILL x0069
(302A) 0064  0000000001100100 (  25)                 .FILL x0064
(302B) 0061  0000000001100001 (  25)                 .FILL x0061
(302C) 0064  0000000001100100 (  25)                 .FILL x0064
(302D) 0020  0000000000100000 (  25)                 .FILL x0020
(302E) 0071  0000000001110001 (  25)                 .FILL x0071
(302F) 0075  0000000001110101 (  25)                 .FILL x0075
(3030) 0065  0000000001100101 (  25)                 .FILL x0065
(3031) 0020  0000000000100000 (  25)                 .FILL x0020
(3032) 0064  0000000001100100 (  25)                 .FILL x0064
(3033) 0065  0000000001100101 (  25)                 .FILL x0065
(3034) 0073  0000000001110011 (  25)                 .FILL x0073
(3035) 0065  0000000001100101 (  25)                 .FILL x0065
(3036) 0061  0000000001100001 (  25)                 .FILL x0061
(3037) 003A  0000000000111010 (  25)                 .FILL x003A
(3038) 0020  0000000000100000 (  25)                 .FILL x0020
(3039) 000A  0000000000001010 (  25)                 .FILL x000A
(303A) 0020  0000000000100000 (  25)                 .FILL x0020
(303B) 0031  0000000000110001 (  25)                 .FILL x0031
(303C) 0029  0000000000101001 (  25)                 .FILL x0029
(303D) 004F  0000000001001111 (  25)                 .FILL x004F
(303E) 0072  0000000001110010 (  25)                 .FILL x0072
(303F) 0064  0000000001100100 (  25)                 .FILL x0064
(3040) 0065  0000000001100101 (  25)                 .FILL x0065
(3041) 006E  0000000001101110 (  25)                 .FILL x006E
(3042) 0061  0000000001100001 (  25)                 .FILL x0061
(3043) 0072  0000000001110010 (  25)                 .FILL x0072
(3044) 0020  0000000000100000 (  25)                 .FILL x0020
(3045) 0061  0000000001100001 (  25)                 .FILL x0061
(3046) 0073  0000000001110011 (  25)                 .FILL x0073
(3047) 0063  0000000001100011 (  25)                 .FILL x0063
(3048) 0065  0000000001100101 (  25)                 .FILL x0065
(3049) 006E  0000000001101110 (  25)                 .FILL x006E
(304A) 0064  0000000001100100 (  25)                 .FILL x0064
(304B) 0065  0000000001100101 (  25)                 .FILL x0065
(304C) 006E  0000000001101110 (  25)                 .FILL x006E
(304D) 0074  0000000001110100 (  25)                 .FILL x0074
(304E) 0065  0000000001100101 (  25)                 .FILL x0065
(304F) 006D  0000000001101101 (  25)                 .FILL x006D
(3050) 0065  0000000001100101 (  25)                 .FILL x0065
(3051) 006E  0000000001101110 (  25)                 .FILL x006E
(3052) 0074  0000000001110100 (  25)                 .FILL x0074
(3053) 0065  0000000001100101 (  25)                 .FILL x0065
(3054) 0000  0000000000000000 (  25)                 .FILL x0000
(3055) 000A  0000000000001010 (  26) MENU2           .FILL x000A
(3056) 0020  0000000000100000 (  26)                 .FILL x0020
(3057) 0032  0000000000110010 (  26)                 .FILL x0032
(3058) 0029  0000000000101001 (  26)                 .FILL x0029
(3059) 0049  0000000001001001 (  26)                 .FILL x0049
(305A) 006D  0000000001101101 (  26)                 .FILL x006D
(305B) 0070  0000000001110000 (  26)                 .FILL x0070
(305C) 0072  0000000001110010 (  26)                 .FILL x0072
(305D) 0069  0000000001101001 (  26)                 .FILL x0069
(305E) 006D  0000000001101101 (  26)                 .FILL x006D
(305F) 0069  0000000001101001 (  26)                 .FILL x0069
(3060) 0072  0000000001110010 (  26)                 .FILL x0072
(3061) 0020  0000000000100000 (  26)                 .FILL x0020
(3062) 0065  0000000001100101 (  26)                 .FILL x0065
(3063) 006C  0000000001101100 (  26)                 .FILL x006C
(3064) 0020  0000000000100000 (  26)                 .FILL x0020
(3065) 006D  0000000001101101 (  26)                 .FILL x006D
(3066) 0065  0000000001100101 (  26)                 .FILL x0065
(3067) 006E  0000000001101110 (  26)                 .FILL x006E
(3068) 006F  0000000001101111 (  26)                 .FILL x006F
(3069) 0072  0000000001110010 (  26)                 .FILL x0072
(306A) 0020  0000000000100000 (  26)                 .FILL x0020
(306B) 006E  0000000001101110 (  26)                 .FILL x006E
(306C) 0075  0000000001110101 (  26)                 .FILL x0075
(306D) 006D  0000000001101101 (  26)                 .FILL x006D
(306E) 0065  0000000001100101 (  26)                 .FILL x0065
(306F) 0072  0000000001110010 (  26)                 .FILL x0072
(3070) 006F  0000000001101111 (  26)                 .FILL x006F
(3071) 0000  0000000000000000 (  26)                 .FILL x0000
(3072) 000A  0000000000001010 (  27) MENU3           .FILL x000A
(3073) 0020  0000000000100000 (  27)                 .FILL x0020
(3074) 0033  0000000000110011 (  27)                 .FILL x0033
(3075) 0029  0000000000101001 (  27)                 .FILL x0029
(3076) 0049  0000000001001001 (  27)                 .FILL x0049
(3077) 006D  0000000001101101 (  27)                 .FILL x006D
(3078) 0070  0000000001110000 (  27)                 .FILL x0070
(3079) 0072  0000000001110010 (  27)                 .FILL x0072
(307A) 0069  0000000001101001 (  27)                 .FILL x0069
(307B) 006D  0000000001101101 (  27)                 .FILL x006D
(307C) 0069  0000000001101001 (  27)                 .FILL x0069
(307D) 0072  0000000001110010 (  27)                 .FILL x0072
(307E) 0020  0000000000100000 (  27)                 .FILL x0020
(307F) 006C  0000000001101100 (  27)                 .FILL x006C
(3080) 006F  0000000001101111 (  27)                 .FILL x006F
(3081) 0073  0000000001110011 (  27)                 .FILL x0073
(3082) 0020  0000000000100000 (  27)                 .FILL x0020
(3083) 006D  0000000001101101 (  27)                 .FILL x006D
(3084) 0075  0000000001110101 (  27)                 .FILL x0075
(3085) 006C  0000000001101100 (  27)                 .FILL x006C
(3086) 0074  0000000001110100 (  27)                 .FILL x0074
(3087) 0069  0000000001101001 (  27)                 .FILL x0069
(3088) 0070  0000000001110000 (  27)                 .FILL x0070
(3089) 006C  0000000001101100 (  27)                 .FILL x006C
(308A) 006F  0000000001101111 (  27)                 .FILL x006F
(308B) 0073  0000000001110011 (  27)                 .FILL x0073
(308C) 0020  0000000000100000 (  27)                 .FILL x0020
(308D) 0064  0000000001100100 (  27)                 .FILL x0064
(308E) 0065  0000000001100101 (  27)                 .FILL x0065
(308F) 0020  0000000000100000 (  27)                 .FILL x0020
(3090) 0038  0000000000111000 (  27)                 .FILL x0038
(3091) 0000  0000000000000000 (  27)                 .FILL x0000
(3092) 000A  0000000000001010 (  28) MENU4           .FILL x000A
(3093) 0020  0000000000100000 (  28)                 .FILL x0020
(3094) 0034  0000000000110100 (  28)                 .FILL x0034
(3095) 0029  0000000000101001 (  28)                 .FILL x0029
(3096) 0049  0000000001001001 (  28)                 .FILL x0049
(3097) 006E  0000000001101110 (  28)                 .FILL x006E
(3098) 0067  0000000001100111 (  28)                 .FILL x0067
(3099) 0072  0000000001110010 (  28)                 .FILL x0072
(309A) 0065  0000000001100101 (  28)                 .FILL x0065
(309B) 0073  0000000001110011 (  28)                 .FILL x0073
(309C) 0061  0000000001100001 (  28)                 .FILL x0061
(309D) 0072  0000000001110010 (  28)                 .FILL x0072
(309E) 0020  0000000000100000 (  28)                 .FILL x0020
(309F) 006E  0000000001101110 (  28)                 .FILL x006E
(30A0) 0075  0000000001110101 (  28)                 .FILL x0075
(30A1) 0065  0000000001100101 (  28)                 .FILL x0065
(30A2) 0076  0000000001110110 (  28)                 .FILL x0076
(30A3) 0061  0000000001100001 (  28)                 .FILL x0061
(30A4) 006D  0000000001101101 (  28)                 .FILL x006D
(30A5) 0065  0000000001100101 (  28)                 .FILL x0065
(30A6) 006E  0000000001101110 (  28)                 .FILL x006E
(30A7) 0074  0000000001110100 (  28)                 .FILL x0074
(30A8) 0065  0000000001100101 (  28)                 .FILL x0065
(30A9) 0020  0000000000100000 (  28)                 .FILL x0020
(30AA) 006C  0000000001101100 (  28)                 .FILL x006C
(30AB) 006F  0000000001101111 (  28)                 .FILL x006F
(30AC) 0073  0000000001110011 (  28)                 .FILL x0073
(30AD) 0020  0000000000100000 (  28)                 .FILL x0020
(30AE) 0064  0000000001100100 (  28)                 .FILL x0064
(30AF) 0061  0000000001100001 (  28)                 .FILL x0061
(30B0) 0074  0000000001110100 (  28)                 .FILL x0074
(30B1) 006F  0000000001101111 (  28)                 .FILL x006F
(30B2) 0073  0000000001110011 (  28)                 .FILL x0073
(30B3) 0020  0000000000100000 (  28)                 .FILL x0020
(30B4) 000A  0000000000001010 (  28)                 .FILL x000A
(30B5) 0000  0000000000000000 (  28)                 .FILL x0000
(30B6) 3E08  0011111000001000 (  33) NEWLN           ST    R7 NEW7
(30B7) 3006  0011000000000110 (  34)                 ST    R0 NEW0
(30B8) 2004  0010000000000100 (  36)                 LD    R0 NL
(30B9) F021  1111000000100001 (  37)                 TRAP  x21
(30BA) 2003  0010000000000011 (  39)                 LD    R0 NEW0
(30BB) 2E03  0010111000000011 (  40)                 LD    R7 NEW7
(30BC) C1C0  1100000111000000 (  41)                 RET   
(30BD) 000A  0000000000001010 (  43) NL              .FILL x000A
(30BE) 0000  0000000000000000 (  45) NEW0            .FILL x0000
(30BF) 0000  0000000000000000 (  50) NEW7            .FILL x0000
(30C0) 28C3  0010100011000011 (  50) ORDENAR         LD    R4 N1
(30C1) 193F  0001100100111111 (  51) OUTERLOOP       ADD   R4 R4 #-1
(30C2) 0C0E  0000110000001110 (  52)                 BRNZ  SORTED
(30C3) 1B20  0001101100100000 (  53)                 ADD   R5 R4 #0
(30C4) E6C0  1110011011000000 (  54)                 LEA   R3 NUMVECT
(30C5) 60C0  0110000011000000 (  55) INNERLOOP       LDR   R0 R3 #0
(30C6) 62C1  0110001011000001 (  56)                 LDR   R1 R3 #1
(30C7) 947F  1001010001111111 (  57)                 NOT   R2 R1
(30C8) 14A1  0001010010100001 (  58)                 ADD   R2 R2 #1
(30C9) 1402  0001010000000010 (  59)                 ADD   R2 R0 R2
(30CA) 0C02  0000110000000010 (  60)                 BRNZ  SWAPPED
(30CB) 72C0  0111001011000000 (  61)                 STR   R1 R3 #0
(30CC) 70C1  0111000011000001 (  62)                 STR   R0 R3 #1
(30CD) 16E1  0001011011100001 (  63) SWAPPED         ADD   R3 R3 #1
(30CE) 1B7F  0001101101111111 (  64)                 ADD   R5 R5 #-1
(30CF) 03F5  0000001111110101 (  65)                 BRP   INNERLOOP
(30D0) 0FF0  0000111111110000 (  66)                 BRNZP OUTERLOOP
(30D1) 26E0  0010011011100000 (  67) SORTED          LD    R3 L
(30D2) 16FE  0001011011111110 (  68)                 ADD   R3 R3 #-2
(30D3) 0401  0000010000000001 (  69)                 BRZ   MAYOR
(30D4) 48C4  0100100011000100 (  70)                 JSR   PRINTLIST
(30D5) E4AF  1110010010101111 (  71) MAYOR           LEA   R2 NUMVECT
(30D6) 6080  0110000010000000 (  72)                 LDR   R0 R2 #0
(30D7) 5260  0101001001100000 (  73)                 AND   R1 R1 #0
(30D8) 126A  0001001001101010 (  74)                 ADD   R1 R1 #10
(30D9) 1020  0001000000100000 (  75)                 ADD   R0 R0 #0
(30DA) 0801  0000100000000001 (  76)                 BRN   NEG2
(30DB) 0606  0000011000000110 (  77)                 BRZP  NORMALITO
(30DC) 3009  0011000000001001 (  78) NEG2            ST    R0 GUARDR0
(30DD) 2027  0010000000100111 (  79)                 LD    R0 SIGNMEN
(30DE) F021  1111000000100001 (  80)                 TRAP  x21
(30DF) 2006  0010000000000110 (  81)                 LD    R0 GUARDR0
(30E0) 903F  1001000000111111 (  82)                 NOT   R0 R0
(30E1) 1021  0001000000100001 (  83)                 ADD   R0 R0 #1
(30E2) 4827  0100100000100111 (  84) NORMALITO       JSR   PRINT
(30E3) 4FD2  0100111111010010 (  85)                 JSR   NEWLN
(30E4) 2024  0010000000100100 (  86)                 LD    R0 INITL2
(30E5) C000  1100000000000000 (  87)                 JMP   R0
(30E6) 0000  0000000000000000 (  89) GUARDR0         .FILL x0000
(30E7) 193F  0001100100111111 (  89) MULTIPL         ADD   R4 R4 #-1
(30E8) 021E  0000001000011110 (  90)                 BRP   AGAIN
(30E9) 289A  0010100010011010 (  91)                 LD    R4 N1
(30EA) E49A  1110010010011010 (  92)                 LEA   R2 NUMVECT
(30EB) 5B60  0101101101100000 (  94) PRINTMUL        AND   R5 R5 #0
(30EC) 1B67  0001101101100111 (  95)                 ADD   R5 R5 #7
(30ED) 1920  0001100100100000 (  96)                 ADD   R4 R4 #0
(30EE) 0414  0000010000010100 (  97)                 BRZ   FINISH2
(30EF) 6080  0110000010000000 (  98)                 LDR   R0 R2 #0
(30F0) 5260  0101001001100000 (  99)                 AND   R1 R1 #0
(30F1) 126A  0001001001101010 ( 100)                 ADD   R1 R1 #10
(30F2) 5D40  0101110101000000 ( 101)                 AND   R6 R5 R0
(30F3) 0401  0000010000000001 ( 102)                 BRZ   PRINTM1
(30F4) 0A0B  0000101000001011 ( 103)                 BRNP  SALTO1
(30F5) 1020  0001000000100000 ( 104) PRINTM1         ADD   R0 R0 #0
(30F6) 0801  0000100000000001 ( 105)                 BRN   NEGATIVE
(30F7) 0606  0000011000000110 ( 106)                 BRZP  NORMIX
(30F8) 300D  0011000000001101 ( 107) NEGATIVE        ST    R0 SAVER0
(30F9) 200B  0010000000001011 ( 108)                 LD    R0 SIGNMEN
(30FA) F021  1111000000100001 ( 109)                 TRAP  x21
(30FB) 200A  0010000000001010 ( 110)                 LD    R0 SAVER0
(30FC) 903F  1001000000111111 ( 111)                 NOT   R0 R0
(30FD) 1021  0001000000100001 ( 112)                 ADD   R0 R0 #1
(30FE) 480B  0100100000001011 ( 114) NORMIX          JSR   PRINT
(30FF) 4FB6  0100111110110110 ( 115)                 JSR   NEWLN
(3100) 193F  0001100100111111 ( 116) SALTO1          ADD   R4 R4 #-1
(3101) 14A1  0001010010100001 ( 117)                 ADD   R2 R2 #1
(3102) 0FE8  0000111111101000 ( 118)                 BRNZP PRINTMUL
(3103) 2005  0010000000000101 ( 119) FINISH2         LD    R0 INITL2
(3104) C000  1100000000000000 ( 120)                 JMP   R0
(3105) 002D  0000000000101101 ( 121) SIGNMEN         .FILL x002D
(3106) 0000  0000000000000000 ( 123) SAVER0          .FILL x0000
(3107) 2001  0010000000000001 ( 123) AGAIN           LD    R0 INITL2
(3108) C000  1100000000000000 ( 124)                 JMP   R0
(3109) 3000  0011000000000000 ( 125) INITL2          .FILL x3000
(310A) 3E31  0011111000110001 ( 128) PRINT           ST    R7 PRT7
(310B) 3C31  0011110000110001 ( 129)                 ST    R6 PRT6
(310C) 3A31  0011101000110001 ( 130)                 ST    R5 PRT5
(310D) 3831  0011100000110001 ( 131)                 ST    R4 PRT4
(310E) 3631  0011011000110001 ( 132)                 ST    R3 PRT3
(310F) 3431  0011010000110001 ( 133)                 ST    R2 PRT2
(3110) 5FE0  0101111111100000 ( 134)                 AND   R7 R7 #0
(3111) 5DA0  0101110110100000 ( 135)                 AND   R6 R6 #0
(3112) 5B60  0101101101100000 ( 136)                 AND   R5 R5 #0
(3113) 5920  0101100100100000 ( 137)                 AND   R4 R4 #0
(3114) 56E0  0101011011100000 ( 138)                 AND   R3 R3 #0
(3115) 54A0  0101010010100000 ( 139)                 AND   R2 R2 #0
(3116) 3024  0011000000100100 ( 141)                 ST    R0 CURRENT
(3117) EC3D  1110110000111101 ( 144)                 LEA   R6 STORE
(3118) EE29  1110111000101001 ( 145)                 LEA   R7 ASCI
(3119) 69C0  0110100111000000 ( 146)                 LDR   R4 R7 #0
(311A) 14B1  0001010010110001 ( 147)                 ADD   R2 R2 #-15
(311B) 14BF  0001010010111111 ( 148)                 ADD   R2 R2 #-1
(311C) 1442  0001010001000010 ( 149)                 ADD   R2 R1 R2
(311D) 54A0  0101010010100000 ( 151)                 AND   R2 R2 #0
(311E) 0E03  0000111000000011 ( 152)                 BRNZP x3122
(311F) 5B60  0101101101100000 ( 153)                 AND   R5 R5 #0
(3120) 1B42  0001101101000010 ( 154)                 ADD   R5 R5 R2
(3121) 0406  0000010000000110 ( 155)                 BRZ   DISPLAY
(3122) 4844  0100100001000100 ( 156)                 JSR   DIVIDE
(3123) 16C4  0001011011000100 ( 157)                 ADD   R3 R3 R4
(3124) 7780  0111011110000000 ( 158)                 STR   R3 R6 #0
(3125) 1DA1  0001110110100001 ( 159)                 ADD   R6 R6 #1
(3126) 10A0  0001000010100000 ( 160)                 ADD   R0 R2 #0
(3127) 0FF7  0000111111110111 ( 161)                 BRNZP x311F
(3128) 5FE0  0101111111100000 ( 164) DISPLAY         AND   R7 R7 #0
(3129) 5B60  0101101101100000 ( 165)                 AND   R5 R5 #0
(312A) 1DBF  0001110110111111 ( 166)                 ADD   R6 R6 #-1
(312B) 6B80  0110101110000000 ( 167)                 LDR   R5 R6 #0
(312C) 1F60  0001111101100000 ( 168)                 ADD   R7 R5 #0
(312D) 0404  0000010000000100 ( 169)                 BRZ   x3132
(312E) 1160  0001000101100000 ( 170)                 ADD   R0 R5 #0
(312F) F021  1111000000100001 ( 171)                 TRAP  x21
(3130) 1DBF  0001110110111111 ( 172)                 ADD   R6 R6 #-1
(3131) 0FF9  0000111111111001 ( 173)                 BRNZP x312B
(3132) 5020  0101000000100000 ( 175) END             AND   R0 R0 #0
(3133) 2007  0010000000000111 ( 177)                 LD    R0 CURRENT
(3134) 2E07  0010111000000111 ( 182)                 LD    R7 PRT7
(3135) 2C07  0010110000000111 ( 183)                 LD    R6 PRT6
(3136) 2A07  0010101000000111 ( 184)                 LD    R5 PRT5
(3137) 2807  0010100000000111 ( 185)                 LD    R4 PRT4
(3138) 2607  0010011000000111 ( 186)                 LD    R3 PRT3
(3139) 2407  0010010000000111 ( 187)                 LD    R2 PRT2
(313A) C1C0  1100000111000000 ( 188)                 RET   
(313B) 0000  0000000000000000 ( 189) CURRENT         .FILL x0000
(313C) 0000  0000000000000000 ( 191) PRT7            .FILL x0000
(313D) 0000  0000000000000000 ( 192) PRT6            .FILL x0000
(313E) 0000  0000000000000000 ( 193) PRT5            .FILL x0000
(313F) 0000  0000000000000000 ( 194) PRT4            .FILL x0000
(3140) 0000  0000000000000000 ( 195) PRT3            .FILL x0000
(3141) 0000  0000000000000000 ( 196) PRT2            .FILL x0000
(3142) 0030  0000000000110000 ( 196) ASCI            .FILL x0030
(3143) 0030  0000000000110000 ( 197) DIGITS          .FILL x0030
(3144) 0031  0000000000110001 ( 197)                 .FILL x0031
(3145) 0032  0000000000110010 ( 197)                 .FILL x0032
(3146) 0033  0000000000110011 ( 197)                 .FILL x0033
(3147) 0034  0000000000110100 ( 197)                 .FILL x0034
(3148) 0035  0000000000110101 ( 197)                 .FILL x0035
(3149) 0036  0000000000110110 ( 197)                 .FILL x0036
(314A) 0037  0000000000110111 ( 197)                 .FILL x0037
(314B) 0038  0000000000111000 ( 197)                 .FILL x0038
(314C) 0039  0000000000111001 ( 197)                 .FILL x0039
(314D) 0041  0000000001000001 ( 197)                 .FILL x0041
(314E) 0042  0000000001000010 ( 197)                 .FILL x0042
(314F) 0043  0000000001000011 ( 197)                 .FILL x0043
(3150) 0044  0000000001000100 ( 197)                 .FILL x0044
(3151) 0045  0000000001000101 ( 197)                 .FILL x0045
(3152) 0046  0000000001000110 ( 197)                 .FILL x0046
(3153) 0000  0000000000000000 ( 197)                 .FILL x0000
(3154) 0000  0000000000000000 ( 198) BUFFER          .FILL x0000
(3155) 0000  0000000000000000 ( 204) STORE           .FILL x0000
(3156) 0000  0000000000000000 ( 204)                 .FILL x0000
(3157) 0000  0000000000000000 ( 204)                 .FILL x0000
(3158) 0000  0000000000000000 ( 204)                 .FILL x0000
(3159) 0000  0000000000000000 ( 204)                 .FILL x0000
(315A) 0000  0000000000000000 ( 204)                 .FILL x0000
(315B) 0000  0000000000000000 ( 204)                 .FILL x0000
(315C) 0000  0000000000000000 ( 204)                 .FILL x0000
(315D) 0000  0000000000000000 ( 204)                 .FILL x0000
(315E) 0000  0000000000000000 ( 204)                 .FILL x0000
(315F) 0000  0000000000000000 ( 204)                 .FILL x0000
(3160) 0000  0000000000000000 ( 204)                 .FILL x0000
(3161) 0000  0000000000000000 ( 204)                 .FILL x0000
(3162) 0000  0000000000000000 ( 204)                 .FILL x0000
(3163) 0000  0000000000000000 ( 204)                 .FILL x0000
(3164) 0000  0000000000000000 ( 204)                 .FILL x0000
(3165) 0000  0000000000000000 ( 204)                 .FILL x0000
(3166) 0000  0000000000000000 ( 204)                 .FILL x0000
(3167) 3E17  0011111000010111 ( 205) DIVIDE          ST    R7 DIV7
(3168) 3C17  0011110000010111 ( 206)                 ST    R6 DIV6
(3169) 3A17  0011101000010111 ( 207)                 ST    R5 DIV5
(316A) 3817  0011100000010111 ( 208)                 ST    R4 DIV4
(316B) 5FE0  0101111111100000 ( 210)                 AND   R7 R7 #0
(316C) 5DA0  0101110110100000 ( 211)                 AND   R6 R6 #0
(316D) 5B60  0101101101100000 ( 212)                 AND   R5 R5 #0
(316E) 5920  0101100100100000 ( 213)                 AND   R4 R4 #0
(316F) 56E0  0101011011100000 ( 214)                 AND   R3 R3 #0
(3170) 54A0  0101010010100000 ( 215)                 AND   R2 R2 #0
(3171) 1620  0001011000100000 ( 216)                 ADD   R3 R0 #0
(3172) 1A60  0001101001100000 ( 217)                 ADD   R5 R1 #0
(3173) 9B7F  1001101101111111 ( 218)                 NOT   R5 R5
(3174) 1B61  0001101101100001 ( 219)                 ADD   R5 R5 #1
(3175) 1CC5  0001110011000101 ( 220)                 ADD   R6 R3 R5
(3176) 0803  0000100000000011 ( 221)                 BRN   x317A
(3177) 14A1  0001010010100001 ( 222)                 ADD   R2 R2 #1
(3178) 16C5  0001011011000101 ( 223)                 ADD   R3 R3 R5
(3179) 0FFB  0000111111111011 ( 224)                 BRNZP x3175
(317A) 2E04  0010111000000100 ( 228)                 LD    R7 DIV7
(317B) 2C04  0010110000000100 ( 229)                 LD    R6 DIV6
(317C) 2A04  0010101000000100 ( 230)                 LD    R5 DIV5
(317D) 2804  0010100000000100 ( 231)                 LD    R4 DIV4
(317E) C1C0  1100000111000000 ( 233)                 RET   
(317F) 0000  0000000000000000 ( 235) DIV7            .FILL x0000
(3180) 0000  0000000000000000 ( 236) DIV6            .FILL x0000
(3181) 0000  0000000000000000 ( 237) DIV5            .FILL x0000
(3182) 0000  0000000000000000 ( 239) DIV4            .FILL x0000
(3183) 0000  0000000000000000 ( 239) N               .FILL x0000
(3184) 0000  0000000000000000 ( 241) N1              .FILL x0000
(3185) 0000  0000000000000000 ( 243) NUMVECT         .FILL x0000
(3186) 0000  0000000000000000 ( 243)                 .FILL x0000
(3187) 0000  0000000000000000 ( 243)                 .FILL x0000
(3188) 0000  0000000000000000 ( 243)                 .FILL x0000
(3189) 0000  0000000000000000 ( 243)                 .FILL x0000
(318A) 0000  0000000000000000 ( 243)                 .FILL x0000
(318B) 0000  0000000000000000 ( 243)                 .FILL x0000
(318C) 0000  0000000000000000 ( 243)                 .FILL x0000
(318D) 0000  0000000000000000 ( 243)                 .FILL x0000
(318E) 0000  0000000000000000 ( 243)                 .FILL x0000
(318F) 0000  0000000000000000 ( 243)                 .FILL x0000
(3190) 0000  0000000000000000 ( 243)                 .FILL x0000
(3191) 0000  0000000000000000 ( 243)                 .FILL x0000
(3192) 0000  0000000000000000 ( 243)                 .FILL x0000
(3193) 0000  0000000000000000 ( 243)                 .FILL x0000
(3194) 0000  0000000000000000 ( 243)                 .FILL x0000
(3195) 0000  0000000000000000 ( 243)                 .FILL x0000
(3196) 0000  0000000000000000 ( 243)                 .FILL x0000
(3197) 0000  0000000000000000 ( 243)                 .FILL x0000
(3198) 0000  0000000000000000 ( 243)                 .FILL x0000
(3199) 29EA  0010100111101010 ( 243) PRINTLIST       LD    R4 N1
(319A) E5EA  1110010111101010 ( 244)                 LEA   R2 NUMVECT
(319B) 1920  0001100100100000 ( 246) PRINTNUMBER     ADD   R4 R4 #0
(319C) 0410  0000010000010000 ( 247)                 BRZ   FINISH1
(319D) 6080  0110000010000000 ( 248)                 LDR   R0 R2 #0
(319E) 0801  0000100000000001 ( 249)                 BRN   PRINTMENOS
(319F) 0606  0000011000000110 ( 250)                 BRZP  PRINTNORM1
(31A0) 300F  0011000000001111 ( 253) PRINTMENOS      ST    R0 CARGAR0
(31A1) 200D  0010000000001101 ( 254)                 LD    R0 SIGNOM1
(31A2) F021  1111000000100001 ( 255)                 TRAP  x21
(31A3) 200C  0010000000001100 ( 256)                 LD    R0 CARGAR0
(31A4) 903F  1001000000111111 ( 257)                 NOT   R0 R0
(31A5) 1021  0001000000100001 ( 258)                 ADD   R0 R0 #1
(31A6) 5260  0101001001100000 ( 260) PRINTNORM1      AND   R1 R1 #0
(31A7) 126A  0001001001101010 ( 261)                 ADD   R1 R1 #10
(31A8) 4F61  0100111101100001 ( 262)                 JSR   PRINT
(31A9) 4F0C  0100111100001100 ( 263)                 JSR   NEWLN
(31AA) 193F  0001100100111111 ( 264)                 ADD   R4 R4 #-1
(31AB) 14A1  0001010010100001 ( 265)                 ADD   R2 R2 #1
(31AC) 0FEE  0000111111101110 ( 266)                 BRNZP PRINTNUMBER
(31AD) 2003  0010000000000011 ( 267) FINISH1         LD    R0 INITL
(31AE) C000  1100000000000000 ( 268)                 JMP   R0
(31AF) 002D  0000000000101101 ( 269) SIGNOM1         .FILL x002D
(31B0) 0000  0000000000000000 ( 271) CARGAR0         .FILL x0000
(31B1) 3000  0011000000000000 ( 271) INITL           .FILL x3000
(31B2) 0000  0000000000000000 ( 274) L               .FILL x0000
(31B3) 0003  0000000000000011 ( 274) L1              .FILL x0003
(31B4) 3ECC  0011111011001100 ( 277) GETL            ST    R7 RETORNO
(31B5) 0E17  0000111000010111 ( 278) GETL2           BRNZP RECIBIR
(31B6) 5920  0101100100100000 ( 280) GETL3           AND   R4 R4 #0
(31B7) 1636  0001011000110110 ( 281)                 ADD   R3 R0 #-10
(31B8) 05FC  0000010111111100 ( 282)                 BRZ   GETL2
(31B9) F021  1111000000100001 ( 283)                 TRAP  x21
(31BA) 4864  0100100001100100 ( 284)                 JSR   MULT_10
(31BB) 173F  0001011100111111 ( 285)                 ADD   R3 R4 #-1
(31BC) 08D1  0000100011010001 ( 286)                 BRN   ERROR2
(31BD) 173C  0001011100111100 ( 287)                 ADD   R3 R4 #-4
(31BE) 02CF  0000001011001111 ( 288)                 BRP   ERROR2
(31BF) 48BA  0100100010111010 ( 289)                 JSR   ENTER
(31C0) 39F1  0011100111110001 ( 290)                 ST    R4 L
(31C1) 56E0  0101011011100000 ( 291)                 AND   R3 R3 #0
(31C2) 36BF  0011011010111111 ( 292)                 ST    R3 BANDERA
(31C3) 2EBD  0010111010111101 ( 293)                 LD    R7 RETORNO
(31C4) C1C0  1100000111000000 ( 294)                 RET   
(31C5) 1DE0  0001110111100000 ( 304) GETDATOS        ADD   R6 R7 #0
(31C6) 3CBA  0011110010111010 ( 305)                 ST    R6 RETORNO
(31C7) 54A0  0101010010100000 ( 306) GETDATOS_2      AND   R2 R2 #0
(31C8) 5920  0101100100100000 ( 307)                 AND   R4 R4 #0
(31C9) 5B60  0101101101100000 ( 308)                 AND   R5 R5 #0
(31CA) 3AB7  0011101010110111 ( 309)                 ST    R5 BANDERA
(31CB) E0E6  1110000011100110 ( 310)                 LEA   R0 MSG_N
(31CC) F022  1111000000100010 ( 311)                 TRAP  x22
(31CD) F020  1111000000100000 ( 315) RECIBIR         TRAP  x20
(31CE) 4866  0100100001100110 ( 316)                 JSR   NORMALIZAR
(31CF) 1277  0001001001110111 ( 318)                 ADD   R1 R1 #-9
(31D0) 0420  0000010000100000 ( 319)                 BRZ   DIRECCION
(31D1) 1269  0001001001101001 ( 320)                 ADD   R1 R1 #9
(31D2) 1278  0001001001111000 ( 321)                 ADD   R1 R1 #-8
(31D3) 041D  0000010000011101 ( 322)                 BRZ   DIRECCION
(31D4) 1268  0001001001101000 ( 323)                 ADD   R1 R1 #8
(31D5) 1279  0001001001111001 ( 324)                 ADD   R1 R1 #-7
(31D6) 041A  0000010000011010 ( 325)                 BRZ   DIRECCION
(31D7) 1267  0001001001100111 ( 326)                 ADD   R1 R1 #7
(31D8) 127A  0001001001111010 ( 327)                 ADD   R1 R1 #-6
(31D9) 0417  0000010000010111 ( 328)                 BRZ   DIRECCION
(31DA) 1266  0001001001100110 ( 329)                 ADD   R1 R1 #6
(31DB) 127B  0001001001111011 ( 330)                 ADD   R1 R1 #-5
(31DC) 0414  0000010000010100 ( 331)                 BRZ   DIRECCION
(31DD) 1265  0001001001100101 ( 332)                 ADD   R1 R1 #5
(31DE) 127C  0001001001111100 ( 333)                 ADD   R1 R1 #-4
(31DF) 0411  0000010000010001 ( 334)                 BRZ   DIRECCION
(31E0) 1264  0001001001100100 ( 335)                 ADD   R1 R1 #4
(31E1) 127D  0001001001111101 ( 336)                 ADD   R1 R1 #-3
(31E2) 040E  0000010000001110 ( 337)                 BRZ   DIRECCION
(31E3) 1263  0001001001100011 ( 338)                 ADD   R1 R1 #3
(31E4) 127E  0001001001111110 ( 339)                 ADD   R1 R1 #-2
(31E5) 040B  0000010000001011 ( 340)                 BRZ   DIRECCION
(31E6) 1262  0001001001100010 ( 341)                 ADD   R1 R1 #2
(31E7) 127F  0001001001111111 ( 342)                 ADD   R1 R1 #-1
(31E8) 0408  0000010000001000 ( 343)                 BRZ   DIRECCION
(31E9) 1261  0001001001100001 ( 344)                 ADD   R1 R1 #1
(31EA) 1260  0001001001100000 ( 345)                 ADD   R1 R1 #0
(31EB) 0405  0000010000000101 ( 346)                 BRZ   DIRECCION
(31EC) 1263  0001001001100011 ( 347)                 ADD   R1 R1 #3
(31ED) 0403  0000010000000011 ( 348)                 BRZ   DIRECCION
(31EE) 1236  0001001000110110 ( 349)                 ADD   R1 R0 #-10
(31EF) 0401  0000010000000001 ( 350)                 BRZ   DIRECCION
(31F0) 0BDC  0000101111011100 ( 351)                 BRNP  RECIBIR
(31F1) 2690  0010011010010000 ( 354) DIRECCION       LD    R3 BANDERA
(31F2) 16FE  0001011011111110 ( 355)                 ADD   R3 R3 #-2
(31F3) 05C2  0000010111000010 ( 356)                 BRZ   GETL3
(31F4) 16E2  0001011011100010 ( 357)                 ADD   R3 R3 #2
(31F5) 16FF  0001011011111111 ( 358)                 ADD   R3 R3 #-1
(31F6) 044D  0000010001001101 ( 359)                 BRZ   DATOS
(31F7) F021  1111000000100001 ( 360)                 TRAP  x21
(31F8) 1236  0001001000110110 ( 361)                 ADD   R1 R0 #-10
(31F9) 0407  0000010000000111 ( 362)                 BRZ   SALTO_DATOS
(31FA) 14A1  0001010010100001 ( 363)                 ADD   R2 R2 #1
(31FB) 16A0  0001011010100000 ( 364)                 ADD   R3 R2 #0
(31FC) 16FE  0001011011111110 ( 365)                 ADD   R3 R3 #-2
(31FD) 0402  0000010000000010 ( 366)                 BRZ   ALMACENAR_NUM
(31FE) 4820  0100100000100000 ( 367)                 JSR   MULT_10
(31FF) 0FCD  0000111111001101 ( 368)                 BRNZP RECIBIR
(3200) 481E  0100100000011110 ( 371) ALMACENAR_NUM   JSR   MULT_10
(3201) 1736  0001011100110110 ( 372) SALTO_DATOS     ADD   R3 R4 #-10
(3202) 0886  0000100010000110 ( 373)                 BRN   ERROR
(3203) 1731  0001011100110001 ( 374)                 ADD   R3 R4 #-15
(3204) 16FB  0001011011111011 ( 375)                 ADD   R3 R3 #-5
(3205) 0283  0000001010000011 ( 376)                 BRP   ERROR
(3206) 486B  0100100001101011 ( 377)                 JSR   ESPACIO
(3207) 4872  0100100001110010 ( 378)                 JSR   ENTER
(3208) E0D2  1110000011010010 ( 379)                 LEA   R0 MSG_DA
(3209) F022  1111000000100010 ( 380)                 TRAP  x22
(320A) 3978  0011100101111000 ( 381)                 ST    R4 N
(320B) 3978  0011100101111000 ( 382)                 ST    R4 N1
(320C) 54A0  0101010010100000 ( 383)                 AND   R2 R2 #0
(320D) 5920  0101100100100000 ( 384)                 AND   R4 R4 #0
(320E) 5020  0101000000100000 ( 385)                 AND   R0 R0 #0
(320F) 1021  0001000000100001 ( 386)                 ADD   R0 R0 #1
(3210) 3071  0011000001110001 ( 387)                 ST    R0 BANDERA
(3211) 0FBB  0000111110111011 ( 388)                 BRNZP RECIBIR
(3212) F021  1111000000100001 ( 392) SHOW            TRAP  x21
(3213) 480B  0100100000001011 ( 393)                 JSR   MULT_10
(3214) 3871  0011100001110001 ( 394)                 ST    R4 AUX1
(3215) 16BC  0001011010111100 ( 395)                 ADD   R3 R2 #-4
(3216) 0404  0000010000000100 ( 396)                 BRZ   MANTENER
(3217) 16BB  0001011010111011 ( 397)                 ADD   R3 R2 #-5
(3218) 040F  0000010000001111 ( 398)                 BRZ   ALMACENAR
(3219) 14A1  0001010010100001 ( 399)                 ADD   R2 R2 #1
(321A) 0FB2  0000111110110010 ( 400)                 BRNZP RECIBIR
(321B) 386B  0011100001101011 ( 401) MANTENER        ST    R4 AUX2
(321C) 14A1  0001010010100001 ( 402)                 ADD   R2 R2 #1
(321D) 5920  0101100100100000 ( 403)                 AND   R4 R4 #0
(321E) 0FAE  0000111110101110 ( 404)                 BRNZP RECIBIR
(321F) 1704  0001011100000100 ( 406) MULT_10         ADD   R3 R4 R4
(3220) 16C3  0001011011000011 ( 407)                 ADD   R3 R3 R3
(3221) 16C4  0001011011000100 ( 408)                 ADD   R3 R3 R4
(3222) 16C3  0001011011000011 ( 409)                 ADD   R3 R3 R3
(3223) 1DE0  0001110111100000 ( 410)                 ADD   R6 R7 #0
(3224) 4810  0100100000010000 ( 411)                 JSR   NORMALIZAR
(3225) 18C1  0001100011000001 ( 412)                 ADD   R4 R3 R1
(3226) 1FA0  0001111110100000 ( 413)                 ADD   R7 R6 #0
(3227) C1C0  1100000111000000 ( 414)                 RET   
(3228) 265E  0010011001011110 ( 417) ALMACENAR       LD    R3 AUX2
(3229) 5B60  0101101101100000 ( 418)                 AND   R5 R5 #0
(322A) 2C59  0010110001011001 ( 419)                 LD    R6 DIV
(322B) 9DBF  1001110110111111 ( 420)                 NOT   R6 R6
(322C) 1DA1  0001110110100001 ( 421)                 ADD   R6 R6 #1
(322D) 1B61  0001101101100001 ( 422) LOOP_DIV        ADD   R5 R5 #1
(322E) 16C6  0001011011000110 ( 423)                 ADD   R3 R3 R6
(322F) 07FD  0000011111111101 ( 424)                 BRZP  LOOP_DIV
(3230) 2C53  0010110001010011 ( 425)                 LD    R6 DIV
(3231) 18C6  0001100011000110 ( 426)                 ADD   R4 R3 R6
(3232) 4FEC  0100111111101100 ( 427)                 JSR   MULT_10
(3233) 3852  0011100001010010 ( 428)                 ST    R4 AUX1
(3234) 0E31  0000111000110001 ( 429)                 BRNZP GUARDAR
(3235) 5260  0101001001100000 ( 431) NORMALIZAR      AND   R1 R1 #0
(3236) 1240  0001001001000000 ( 432)                 ADD   R1 R1 R0
(3237) 1271  0001001001110001 ( 433)                 ADD   R1 R1 #-15
(3238) 1271  0001001001110001 ( 434)                 ADD   R1 R1 #-15
(3239) 1271  0001001001110001 ( 435)                 ADD   R1 R1 #-15
(323A) 127D  0001001001111101 ( 436)                 ADD   R1 R1 #-3
(323B) C1C0  1100000111000000 ( 437)                 RET   
(323C) 14A0  0001010010100000 ( 439) SIGNO           ADD   R2 R2 #0
(323D) 038F  0000001110001111 ( 440)                 BRP   RECIBIR
(323E) F021  1111000000100001 ( 441)                 TRAP  x21
(323F) 5B60  0101101101100000 ( 442)                 AND   R5 R5 #0
(3240) 1B61  0001101101100001 ( 443)                 ADD   R5 R5 #1
(3241) 3A46  0011101001000110 ( 444)                 ST    R5 SIG
(3242) 14A1  0001010010100001 ( 445)                 ADD   R2 R2 #1
(3243) 0F89  0000111110001001 ( 446)                 BRNZP RECIBIR
(3244) 1636  0001011000110110 ( 449) DATOS           ADD   R3 R0 #-10
(3245) 041C  0000010000011100 ( 450)                 BRZ   IN_ENTER
(3246) 4FEE  0100111111101110 ( 451)                 JSR   NORMALIZAR
(3247) 1663  0001011001100011 ( 452)                 ADD   R3 R1 #3
(3248) 05F3  0000010111110011 ( 453)                 BRZ   SIGNO
(3249) 14A0  0001010010100000 ( 454)                 ADD   R2 R2 #0
(324A) 03C7  0000001111000111 ( 455)                 BRP   SHOW
(324B) 4FD3  0100111111010011 ( 456)                 JSR   MULT_10
(324C) 3839  0011100000111001 ( 457)                 ST    R4 AUX1
(324D) F021  1111000000100001 ( 458)                 TRAP  x21
(324E) 14A2  0001010010100010 ( 459)                 ADD   R2 R2 #2
(324F) 0F7D  0000111101111101 ( 460)                 BRNZP RECIBIR
(3250) 54A0  0101010010100000 ( 463) NEX_DATA        AND   R2 R2 #0
(3251) 5920  0101100100100000 ( 464)                 AND   R4 R4 #0
(3252) 3835  0011100000110101 ( 465)                 ST    R4 SIG
(3253) 481E  0100100000011110 ( 466)                 JSR   ESPACIO
(3254) 272E  0010011100101110 ( 467)                 LD    R3 N
(3255) 16FF  0001011011111111 ( 468)                 ADD   R3 R3 #-1
(3256) 372C  0011011100101100 ( 469)                 ST    R3 N
(3257) 0375  0000001101110101 ( 470)                 BRP   RECIBIR
(3258) 4821  0100100000100001 ( 471)                 JSR   ENTER
(3259) E095  1110000010010101 ( 472)                 LEA   R0 MSG_END
(325A) F022  1111000000100010 ( 473)                 TRAP  x22
(325B) 481E  0100100000011110 ( 474)                 JSR   ENTER
(325C) 3426  0011010000100110 ( 475)                 ST    R2 CONTADOR
(325D) 1922  0001100100100010 ( 476)                 ADD   R4 R4 #2
(325E) 3823  0011100000100011 ( 477)                 ST    R4 BANDERA
(325F) 5920  0101100100100000 ( 478)                 AND   R4 R4 #0
(3260) 2E20  0010111000100000 ( 479)                 LD    R7 RETORNO
(3261) C1C0  1100000111000000 ( 480)                 RET   
(3262) 16A0  0001011010100000 ( 483) IN_ENTER        ADD   R3 R2 #0
(3263) 0569  0000010101101001 ( 484)                 BRZ   RECIBIR
(3264) 16BF  0001011010111111 ( 485)                 ADD   R3 R2 #-1
(3265) 0567  0000010101100111 ( 486)                 BRZ   RECIBIR
(3266) 221F  0010001000011111 ( 487) GUARDAR         LD    R1 AUX1
(3267) 2020  0010000000100000 ( 488)                 LD    R0 SIG
(3268) 0C02  0000110000000010 ( 489)                 BRNZ  GUARDAR1
(3269) 927F  1001001001111111 ( 490)                 NOT   R1 R1
(326A) 1261  0001001001100001 ( 491)                 ADD   R1 R1 #1
(326B) E119  1110000100011001 ( 492) GUARDAR1        LEA   R0 NUMVECT
(326C) 2616  0010011000010110 ( 493)                 LD    R3 CONTADOR
(326D) 1A03  0001101000000011 ( 494)                 ADD   R5 R0 R3
(326E) 7340  0111001101000000 ( 495)                 STR   R1 R5 #0
(326F) 16E1  0001011011100001 ( 496)                 ADD   R3 R3 #1
(3270) 3612  0011011000010010 ( 497)                 ST    R3 CONTADOR
(3271) 0FDE  0000111111011110 ( 498)                 BRNZP NEX_DATA
(3272) 5020  0101000000100000 ( 500) ESPACIO         AND   R0 R0 #0
(3273) 102F  0001000000101111 ( 501)                 ADD   R0 R0 #15
(3274) 102F  0001000000101111 ( 502)                 ADD   R0 R0 #15
(3275) 1022  0001000000100010 ( 503)                 ADD   R0 R0 #2
(3276) 1DE0  0001110111100000 ( 504)                 ADD   R6 R7 #0
(3277) F021  1111000000100001 ( 505)                 TRAP  x21
(3278) 1FA0  0001111110100000 ( 506)                 ADD   R7 R6 #0
(3279) C1C0  1100000111000000 ( 507)                 RET   
(327A) 5020  0101000000100000 ( 508) ENTER           AND   R0 R0 #0
(327B) 102D  0001000000101101 ( 509)                 ADD   R0 R0 #13
(327C) 1DE0  0001110111100000 ( 510)                 ADD   R6 R7 #0
(327D) F021  1111000000100001 ( 511)                 TRAP  x21
(327E) 1FA0  0001111110100000 ( 512)                 ADD   R7 R6 #0
(327F) C1C0  1100000111000000 ( 513)                 RET   
(3280) F025  1111000000100101 ( 514) TERMINAR        TRAP  x25
(3281) 0000  0000000000000000 ( 515) RETORNO         .FILL x0000
(3282) 0000  0000000000000000 ( 516) BANDERA         .FILL x0000
(3283) 0000  0000000000000000 ( 517) CONTADOR        .FILL x0000
(3284) 03E8  0000001111101000 ( 518) DIV             .FILL x03E8
(3285) 3200  0011001000000000 ( 519) DIR             .FILL x3200
(3286) 0000  0000000000000000 ( 520) AUX1            .FILL x0000
(3287) 0000  0000000000000000 ( 521) AUX2            .FILL x0000
(3288) 0000  0000000000000000 ( 522) SIG             .FILL x0000
(3289) 4FF0  0100111111110000 ( 523) ERROR           JSR   ENTER
(328A) E082  1110000010000010 ( 524)                 LEA   R0 MSG_E
(328B) F022  1111000000100010 ( 525)                 TRAP  x22
(328C) 4FED  0100111111101101 ( 526)                 JSR   ENTER
(328D) 0F39  0000111100111001 ( 527)                 BRNZP GETDATOS_2
(328E) E002  1110000000000010 ( 528) ERROR2          LEA   R0 MSG_E2
(328F) F022  1111000000100010 ( 529)                 TRAP  x22
(3290) 0F24  0000111100100100 ( 530)                 BRNZP GETL2
(3291) 000A  0000000000001010 ( 531) MSG_E2          .FILL x000A
(3292) 0045  0000000001000101 ( 531)                 .FILL x0045
(3293) 0073  0000000001110011 ( 531)                 .FILL x0073
(3294) 0061  0000000001100001 ( 531)                 .FILL x0061
(3295) 0020  0000000000100000 ( 531)                 .FILL x0020
(3296) 006F  0000000001101111 ( 531)                 .FILL x006F
(3297) 0070  0000000001110000 ( 531)                 .FILL x0070
(3298) 0063  0000000001100011 ( 531)                 .FILL x0063
(3299) 0069  0000000001101001 ( 531)                 .FILL x0069
(329A) 006F  0000000001101111 ( 531)                 .FILL x006F
(329B) 006E  0000000001101110 ( 531)                 .FILL x006E
(329C) 0020  0000000000100000 ( 531)                 .FILL x0020
(329D) 006E  0000000001101110 ( 531)                 .FILL x006E
(329E) 006F  0000000001101111 ( 531)                 .FILL x006F
(329F) 0020  0000000000100000 ( 531)                 .FILL x0020
(32A0) 0065  0000000001100101 ( 531)                 .FILL x0065
(32A1) 0073  0000000001110011 ( 531)                 .FILL x0073
(32A2) 0074  0000000001110100 ( 531)                 .FILL x0074
(32A3) 0061  0000000001100001 ( 531)                 .FILL x0061
(32A4) 0020  0000000000100000 ( 531)                 .FILL x0020
(32A5) 0065  0000000001100101 ( 531)                 .FILL x0065
(32A6) 006E  0000000001101110 ( 531)                 .FILL x006E
(32A7) 0020  0000000000100000 ( 531)                 .FILL x0020
(32A8) 0065  0000000001100101 ( 531)                 .FILL x0065
(32A9) 006C  0000000001101100 ( 531)                 .FILL x006C
(32AA) 0020  0000000000100000 ( 531)                 .FILL x0020
(32AB) 004D  0000000001001101 ( 531)                 .FILL x004D
(32AC) 0065  0000000001100101 ( 531)                 .FILL x0065
(32AD) 006E  0000000001101110 ( 531)                 .FILL x006E
(32AE) 0075  0000000001110101 ( 531)                 .FILL x0075
(32AF) 0020  0000000000100000 ( 531)                 .FILL x0020
(32B0) 000A  0000000000001010 ( 531)                 .FILL x000A
(32B1) 0000  0000000000000000 ( 531)                 .FILL x0000
(32B2) 0049  0000000001001001 ( 534) MSG_N           .FILL x0049
(32B3) 006E  0000000001101110 ( 534)                 .FILL x006E
(32B4) 0067  0000000001100111 ( 534)                 .FILL x0067
(32B5) 0072  0000000001110010 ( 534)                 .FILL x0072
(32B6) 0065  0000000001100101 ( 534)                 .FILL x0065
(32B7) 0073  0000000001110011 ( 534)                 .FILL x0073
(32B8) 0065  0000000001100101 ( 534)                 .FILL x0065
(32B9) 0020  0000000000100000 ( 534)                 .FILL x0020
(32BA) 0065  0000000001100101 ( 534)                 .FILL x0065
(32BB) 006C  0000000001101100 ( 534)                 .FILL x006C
(32BC) 0020  0000000000100000 ( 534)                 .FILL x0020
(32BD) 006E  0000000001101110 ( 534)                 .FILL x006E
(32BE) 0075  0000000001110101 ( 534)                 .FILL x0075
(32BF) 006D  0000000001101101 ( 534)                 .FILL x006D
(32C0) 0065  0000000001100101 ( 534)                 .FILL x0065
(32C1) 0072  0000000001110010 ( 534)                 .FILL x0072
(32C2) 006F  0000000001101111 ( 534)                 .FILL x006F
(32C3) 0020  0000000000100000 ( 534)                 .FILL x0020
(32C4) 0045  0000000001000101 ( 534)                 .FILL x0045
(32C5) 004E  0000000001001110 ( 534)                 .FILL x004E
(32C6) 0054  0000000001010100 ( 534)                 .FILL x0054
(32C7) 0045  0000000001000101 ( 534)                 .FILL x0045
(32C8) 0052  0000000001010010 ( 534)                 .FILL x0052
(32C9) 004F  0000000001001111 ( 534)                 .FILL x004F
(32CA) 0020  0000000000100000 ( 534)                 .FILL x0020
(32CB) 0065  0000000001100101 ( 534)                 .FILL x0065
(32CC) 006E  0000000001101110 ( 534)                 .FILL x006E
(32CD) 0074  0000000001110100 ( 534)                 .FILL x0074
(32CE) 0072  0000000001110010 ( 534)                 .FILL x0072
(32CF) 0065  0000000001100101 ( 534)                 .FILL x0065
(32D0) 0020  0000000000100000 ( 534)                 .FILL x0020
(32D1) 0031  0000000000110001 ( 534)                 .FILL x0031
(32D2) 0030  0000000000110000 ( 534)                 .FILL x0030
(32D3) 0020  0000000000100000 ( 534)                 .FILL x0020
(32D4) 0079  0000000001111001 ( 534)                 .FILL x0079
(32D5) 0020  0000000000100000 ( 534)                 .FILL x0020
(32D6) 0032  0000000000110010 ( 534)                 .FILL x0032
(32D7) 0030  0000000000110000 ( 534)                 .FILL x0030
(32D8) 003A  0000000000111010 ( 534)                 .FILL x003A
(32D9) 0020  0000000000100000 ( 534)                 .FILL x0020
(32DA) 0000  0000000000000000 ( 534)                 .FILL x0000
(32DB) 0049  0000000001001001 ( 536) MSG_DA          .FILL x0049
(32DC) 006E  0000000001101110 ( 536)                 .FILL x006E
(32DD) 0067  0000000001100111 ( 536)                 .FILL x0067
(32DE) 0072  0000000001110010 ( 536)                 .FILL x0072
(32DF) 0065  0000000001100101 ( 536)                 .FILL x0065
(32E0) 0073  0000000001110011 ( 536)                 .FILL x0073
(32E1) 0065  0000000001100101 ( 536)                 .FILL x0065
(32E2) 0020  0000000000100000 ( 536)                 .FILL x0020
(32E3) 006C  0000000001101100 ( 536)                 .FILL x006C
(32E4) 006F  0000000001101111 ( 536)                 .FILL x006F
(32E5) 0073  0000000001110011 ( 536)                 .FILL x0073
(32E6) 0020  0000000000100000 ( 536)                 .FILL x0020
(32E7) 0044  0000000001000100 ( 536)                 .FILL x0044
(32E8) 0061  0000000001100001 ( 536)                 .FILL x0061
(32E9) 0074  0000000001110100 ( 536)                 .FILL x0074
(32EA) 006F  0000000001101111 ( 536)                 .FILL x006F
(32EB) 0073  0000000001110011 ( 536)                 .FILL x0073
(32EC) 003A  0000000000111010 ( 536)                 .FILL x003A
(32ED) 0020  0000000000100000 ( 536)                 .FILL x0020
(32EE) 0000  0000000000000000 ( 536)                 .FILL x0000
(32EF) 0053  0000000001010011 ( 538) MSG_END         .FILL x0053
(32F0) 0075  0000000001110101 ( 538)                 .FILL x0075
(32F1) 0073  0000000001110011 ( 538)                 .FILL x0073
(32F2) 0020  0000000000100000 ( 538)                 .FILL x0020
(32F3) 0064  0000000001100100 ( 538)                 .FILL x0064
(32F4) 0061  0000000001100001 ( 538)                 .FILL x0061
(32F5) 0074  0000000001110100 ( 538)                 .FILL x0074
(32F6) 006F  0000000001101111 ( 538)                 .FILL x006F
(32F7) 0073  0000000001110011 ( 538)                 .FILL x0073
(32F8) 0020  0000000000100000 ( 538)                 .FILL x0020
(32F9) 0066  0000000001100110 ( 538)                 .FILL x0066
(32FA) 0075  0000000001110101 ( 538)                 .FILL x0075
(32FB) 0065  0000000001100101 ( 538)                 .FILL x0065
(32FC) 0072  0000000001110010 ( 538)                 .FILL x0072
(32FD) 006F  0000000001101111 ( 538)                 .FILL x006F
(32FE) 006E  0000000001101110 ( 538)                 .FILL x006E
(32FF) 0020  0000000000100000 ( 538)                 .FILL x0020
(3300) 0061  0000000001100001 ( 538)                 .FILL x0061
(3301) 006C  0000000001101100 ( 538)                 .FILL x006C
(3302) 006D  0000000001101101 ( 538)                 .FILL x006D
(3303) 0061  0000000001100001 ( 538)                 .FILL x0061
(3304) 0063  0000000001100011 ( 538)                 .FILL x0063
(3305) 0065  0000000001100101 ( 538)                 .FILL x0065
(3306) 006E  0000000001101110 ( 538)                 .FILL x006E
(3307) 0061  0000000001100001 ( 538)                 .FILL x0061
(3308) 0064  0000000001100100 ( 538)                 .FILL x0064
(3309) 006F  0000000001101111 ( 538)                 .FILL x006F
(330A) 0073  0000000001110011 ( 538)                 .FILL x0073
(330B) 0020  0000000000100000 ( 538)                 .FILL x0020
(330C) 0000  0000000000000000 ( 538)                 .FILL x0000
(330D) 0049  0000000001001001 ( 540) MSG_E           .FILL x0049
(330E) 006E  0000000001101110 ( 540)                 .FILL x006E
(330F) 0067  0000000001100111 ( 540)                 .FILL x0067
(3310) 0072  0000000001110010 ( 540)                 .FILL x0072
(3311) 0065  0000000001100101 ( 540)                 .FILL x0065
(3312) 0073  0000000001110011 ( 540)                 .FILL x0073
(3313) 00F3  0000000011110011 ( 540)                 .FILL x00F3
(3314) 0020  0000000000100000 ( 540)                 .FILL x0020
(3315) 0055  0000000001010101 ( 540)                 .FILL x0055
(3316) 004E  0000000001001110 ( 540)                 .FILL x004E
(3317) 0020  0000000000100000 ( 540)                 .FILL x0020
(3318) 004E  0000000001001110 ( 540)                 .FILL x004E
(3319) 0055  0000000001010101 ( 540)                 .FILL x0055
(331A) 004D  0000000001001101 ( 540)                 .FILL x004D
(331B) 0045  0000000001000101 ( 540)                 .FILL x0045
(331C) 0052  0000000001010010 ( 540)                 .FILL x0052
(331D) 004F  0000000001001111 ( 540)                 .FILL x004F
(331E) 0020  0000000000100000 ( 540)                 .FILL x0020
(331F) 0049  0000000001001001 ( 540)                 .FILL x0049
(3320) 004E  0000000001001110 ( 540)                 .FILL x004E
(3321) 0043  0000000001000011 ( 540)                 .FILL x0043
(3322) 004F  0000000001001111 ( 540)                 .FILL x004F
(3323) 0052  0000000001010010 ( 540)                 .FILL x0052
(3324) 0052  0000000001010010 ( 540)                 .FILL x0052
(3325) 0045  0000000001000101 ( 540)                 .FILL x0045
(3326) 0043  0000000001000011 ( 540)                 .FILL x0043
(3327) 0054  0000000001010100 ( 540)                 .FILL x0054
(3328) 004F  0000000001001111 ( 540)                 .FILL x004F
(3329) 0020  0000000000100000 ( 540)                 .FILL x0020
(332A) 0000  0000000000000000 ( 540)                 .FILL x0000
