Copyright 1986-2016 Xilinx, Inc. All Rights Reserved.
---------------------------------------------------------------------------------------
| Tool Version : Vivado v.2016.4 (lin64) Build 1733598 Wed Dec 14 22:35:42 MST 2016
| Date         : Tue Mar 21 07:56:37 2017
| Host         : Arley running 64-bit Ubuntu 16.04 LTS
| Command      : report_control_sets -verbose -file VGACounter_control_sets_placed.rpt
| Design       : VGACounter
| Device       : xc7a35t
---------------------------------------------------------------------------------------

Control Set Information

Table of Contents
-----------------
1. Summary
2. Flip-Flop Distribution
3. Detailed Control Set Information

1. Summary
----------

+----------------------------------------------------------+-------+
|                          Status                          | Count |
+----------------------------------------------------------+-------+
| Number of unique control sets                            |     9 |
| Unused register locations in slices containing registers |    47 |
+----------------------------------------------------------+-------+


2. Flip-Flop Distribution
-------------------------

+--------------+-----------------------+------------------------+-----------------+--------------+
| Clock Enable | Synchronous Set/Reset | Asynchronous Set/Reset | Total Registers | Total Slices |
+--------------+-----------------------+------------------------+-----------------+--------------+
| No           | No                    | No                     |               4 |            3 |
| No           | No                    | Yes                    |               0 |            0 |
| No           | Yes                   | No                     |              56 |           19 |
| Yes          | No                    | No                     |               0 |            0 |
| Yes          | No                    | Yes                    |              10 |            7 |
| Yes          | Yes                   | No                     |              11 |            6 |
+--------------+-----------------------+------------------------+-----------------+--------------+


3. Detailed Control Set Information
-----------------------------------

+---------------------------------+---------------------------------+-------------------------------------------------+------------------+----------------+
|           Clock Signal          |          Enable Signal          |                 Set/Reset Signal                | Slice Load Count | Bel Load Count |
+---------------------------------+---------------------------------+-------------------------------------------------+------------------+----------------+
|  Inst_vga_ctrl_640x480_60Hz/clk |                                 | Inst_vga_ctrl_640x480_60Hz/VS0                  |                1 |              1 |
|  Inst_vga_ctrl_640x480_60Hz/clk |                                 | Inst_vga_ctrl_640x480_60Hz/HS0                  |                1 |              1 |
|  CLK_IBUF_BUFG                  |                                 |                                                 |                1 |              1 |
|  clk_interno_reg_n_0_BUFG       |                                 |                                                 |                2 |              3 |
|  CLK_1Hz_reg_n_0                | PBTON_IBUF                      | RST_IBUF                                        |                7 |             10 |
|  Inst_vga_ctrl_640x480_60Hz/clk |                                 | Inst_vga_ctrl_640x480_60Hz/hcounter[10]_i_1_n_0 |                4 |             11 |
|  Inst_vga_ctrl_640x480_60Hz/clk | Inst_vga_ctrl_640x480_60Hz/eqOp | Inst_vga_ctrl_640x480_60Hz/vcounter[10]_i_1_n_0 |                6 |             11 |
|  Inst_vga_ctrl_640x480_60Hz/clk |                                 | Inst_vga_ctrl_640x480_60Hz/rgb_out[11]_i_1_n_0  |                5 |             12 |
|  clk_interno_reg_n_0_BUFG       |                                 | CLK_1Hz                                         |                8 |             31 |
+---------------------------------+---------------------------------+-------------------------------------------------+------------------+----------------+


+--------+-----------------------+
| Fanout | Number of ControlSets |
+--------+-----------------------+
| 1      |                     3 |
| 3      |                     1 |
| 10     |                     1 |
| 11     |                     2 |
| 12     |                     1 |
| 16+    |                     1 |
+--------+-----------------------+


